[    7784ms] [ERROR] Failed to load resource: the server responded with a status of 404 () @ https://www.vapor-handel.de/brevo-frame.html:0
[    7955ms] [ERROR] Failed to load resource: the server responded with a status of 404 () @ https://www.vapor-handel.de/theme/3411f54323702d1493529a4cb3073c8a/css/all.css?1784201749:0
[    8152ms] [ERROR] Failed to load resource: the server responded with a status of 404 () @ https://www.vapor-handel.de/theme/3411f54323702d1493529a4cb3073c8a/js/storefront/storefront.js?1784201749:0
[    8189ms] [ERROR] Failed to load resource: the server responded with a status of 404 () @ https://www.vapor-handel.de/theme/3411f54323702d1493529a4cb3073c8a/js/swag-pay-pal/swag-pay-pal.js?1784201749:0
[    8237ms] [ERROR] Failed to load resource: the server responded with a status of 404 () @ https://www.vapor-handel.de/theme/3411f54323702d1493529a4cb3073c8a/js/moorl-foundation/moorl-foundation.js?1784201750:0
[    8280ms] [ERROR] Failed to load resource: the server responded with a status of 404 () @ https://www.vapor-handel.de/theme/3411f54323702d1493529a4cb3073c8a/js/vio-representative-login/vio-representative-login.js?1784201750:0
[    8323ms] [ERROR] Failed to load resource: the server responded with a status of 404 () @ https://www.vapor-handel.de/theme/3411f54323702d1493529a4cb3073c8a/js/vapor-theme/vapor-theme.js?1784201750:0
[    8367ms] [ERROR] Failed to load resource: the server responded with a status of 404 () @ https://www.vapor-handel.de/theme/3411f54323702d1493529a4cb3073c8a/js/blur-elysium-slider/blur-elysium-slider.js?1784201750:0
[    8440ms] TypeError: Cannot read properties of undefined (reading 'register')
    at V.register (https://www.vapor-handel.de/bundles/molliepayments/mollie-payments.js?1782391499:1:32705)
    at https://www.vapor-handel.de/bundles/molliepayments/mollie-payments.js?1782391499:1:33598
[    8557ms] ReferenceError: Cannot access 'iv' before initialization
    at tick (<anonymous>:55:23)
    at <anonymous>:66:5
    at NodeList.forEach (<anonymous>)
    at <anonymous>:44:48
    at <anonymous>:68:3
    at b (https://www.24vapestore.de/web/cache/1784547488_0d8ef7c3ab04140917990a79ecebea62.js:5:839)
    at Pe (https://www.24vapestore.de/web/cache/1784547488_0d8ef7c3ab04140917990a79ecebea62.js:5:48536)
    at S.fn.init.append (https://www.24vapestore.de/web/cache/1784547488_0d8ef7c3ab04140917990a79ecebea62.js:5:49887)
    at S.fn.init.<anonymous> (https://www.24vapestore.de/web/cache/1784547488_0d8ef7c3ab04140917990a79ecebea62.js:5:50979)
    at $ (https://www.24vapestore.de/web/cache/1784547488_0d8ef7c3ab04140917990a79ecebea62.js:5:32392)
[   11814ms] [ERROR] Failed to load resource: the server responded with a status of 404 () @ https://www.24vapestore.de/widgets/emotion/emotionArticleSlider/sort/?start=0&limit=2:0
[   12920ms] [ERROR] Failed to load resource: the server responded with a status of 404 () @ https://www.24vapestore.de/media/image/b2/47/83/Al-Fakher-Hypermax-Advanced-30K-_2_600x600.webp:0
[   12920ms] [ERROR] Failed to load resource: the server responded with a status of 404 () @ https://www.24vapestore.de/media/image/46/4b/3f/Lost-Mary-800-Blueberry-20mg-Nikotin-Einweg-Vape_2_600x600.webp:0
[   14150ms] [ERROR] Failed to load resource: the server responded with a status of 404 () @ https://www.24vapestore.de/widgets/emotion/emotionArticleSlider/sort/?start=0&limit=2:0
[   15724ms] ReferenceError: Cannot access 'iv' before initialization
    at tick (<anonymous>:55:23)
    at <anonymous>:66:5
    at NodeList.forEach (<anonymous>)
    at <anonymous>:44:48
    at <anonymous>:68:3
    at b (https://www.24vapestore.de/web/cache/1784547488_0d8ef7c3ab04140917990a79ecebea62.js:5:839)
    at Pe (https://www.24vapestore.de/web/cache/1784547488_0d8ef7c3ab04140917990a79ecebea62.js:5:48536)
    at S.fn.init.append (https://www.24vapestore.de/web/cache/1784547488_0d8ef7c3ab04140917990a79ecebea62.js:5:49887)
    at S.fn.init.<anonymous> (https://www.24vapestore.de/web/cache/1784547488_0d8ef7c3ab04140917990a79ecebea62.js:5:50979)
    at $ (https://www.24vapestore.de/web/cache/1784547488_0d8ef7c3ab04140917990a79ecebea62.js:5:32392)
[   16538ms] [ERROR] Failed to load resource: the server responded with a status of 404 () @ https://www.24vapestore.de/widgets/emotion/emotionArticleSlider/sort/?start=0&limit=2:0
[   17838ms] [ERROR] Failed to load resource: the server responded with a status of 404 () @ https://www.24vapestore.de/widgets/emotion/emotionArticleSlider/sort/?start=0&limit=2:0
[   18408ms] [WARNING] WonderPush seems to be taking some time to initialize one of its external resource on the domain  https://www.vapor-handel.de .
If you see one error or repeated errors (which will stop in about 50 seconds) about "postMessage" and "target origin […] not match[ing] the recipient window's origin", then you either:
- have a browser extension blocking that resource;
- see a broken integration that you would be kind to report.
If not, then just wait around, and everything should get loaded soon. @ https://cdn.by.wonderpush.com/sdk/1.1.42.1/wonderpush.min.js:0
[   19097ms] [ERROR] Failed to load resource: the server responded with a status of 404 () @ https://www.24vapestore.de/widgets/emotion/emotionArticleSlider/sort/?start=0&limit=2:0
[   19836ms] [ERROR] Failed to load resource: the server responded with a status of 404 () @ https://www.24vapestore.de/widgets/emotion/emotionArticleSlider/sort/?start=0&limit=2:0
[   20237ms] [ERROR] Failed to load resource: the server responded with a status of 404 () @ https://www.24vapestore.de/widgets/emotion/emotionArticleSlider/sort/?start=0&limit=2:0
[   36082ms] TypeError: Cannot read properties of undefined (reading 'style')
    at Plugin.updateTransform (https://www.24vapestore.de/web/cache/1784547488_0d8ef7c3ab04140917990a79ecebea62.js:301:634)
    at Plugin.setTranslation (https://www.24vapestore.de/web/cache/1784547488_0d8ef7c3ab04140917990a79ecebea62.js:299:1666)
    at Plugin.translate (https://www.24vapestore.de/web/cache/1784547488_0d8ef7c3ab04140917990a79ecebea62.js:299:1823)
    at Plugin.onResize (https://www.24vapestore.de/web/cache/1784547488_0d8ef7c3ab04140917990a79ecebea62.js:298:1320)
    at EventEmitter.trigger (https://www.24vapestore.de/web/cache/1784547488_0d8ef7c3ab04140917990a79ecebea62.js:167:153)
    at EventEmitter._checkResize (https://www.24vapestore.de/web/cache/1784547488_0d8ef7c3ab04140917990a79ecebea62.js:196:361)
[   38132ms] [ERROR] Failed to load resource: the server responded with a status of 404 () @ https://www.24vapestore.de/media/image/61/d8/97/newsletter-ebmax_1000x1000.webp:0
[   45892ms] [ERROR] Failed to load resource: the server responded with a status of 404 () @ https://www.24vapestore.de/media/image/74/67/ef/newsletter-eb800_1000x1000.webp:0
[   70689ms] [ERROR] Failed to load resource: net::ERR_CERT_DATABASE_CHANGED @ https://www.24vapestore.de/media/image/bb/4b/b4/24Vapestore_Kleinekachel-liquidsXtt3sCddHMtk9_1000x1000.webp:0
[   70689ms] [ERROR] Failed to load resource: net::ERR_CERT_DATABASE_CHANGED @ https://www.24vapestore.de/media/image/fd/2f/d7/24Vapestore_Laenglich_Crownbar20k_1000x1000.webp:0
[   70690ms] [ERROR] Failed to load resource: net::ERR_CERT_DATABASE_CHANGED @ https://www.24vapestore.de/media/image/7f/b8/2c/24Vapestore_Kleinekachel_Vozol_1000x1000.webp:0
[   70690ms] [ERROR] Failed to load resource: net::ERR_CERT_DATABASE_CHANGED @ https://www.24vapestore.de/media/image/e4/81/d3/24Vapestore_Kleinekachel_mypaffpro_1000x1000.webp:0
[   70690ms] [ERROR] Failed to load resource: net::ERR_CERT_DATABASE_CHANGED @ https://www.24vapestore.de/media/image/5d/67/1d/24Vapestore_Laenglich_e-zigaretten-zubehor-min_1_1000x1000.webp:0
[   70690ms] [ERROR] Failed to load resource: net::ERR_CERT_DATABASE_CHANGED @ https://www.24vapestore.de/media/image/02/ee/32/24Vapestore-vertikal-1-1_vozols_1000x1000.webp:0
[   70690ms] [ERROR] Failed to load resource: net::ERR_CERT_DATABASE_CHANGED @ https://www.24vapestore.de/media/image/96/08/4e/24Vapestore-vertikal-1-1_1000x1000.webp:0
[   70690ms] [ERROR] Failed to load resource: net::ERR_CERT_DATABASE_CHANGED @ https://www.24vapestore.de/media/image/2d/58/6e/24Vapestore_Laenglich_Elfliq_1_1_sliders_1000x1000.webp:0
[   70690ms] [ERROR] Failed to load resource: net::ERR_CERT_DATABASE_CHANGED @ https://www.24vapestore.de/media/image/30/8f/a1/24Vapestore_Laenglich_qm6000_1000x1000.webp:0
[   70690ms] [ERROR] Failed to load resource: net::ERR_CERT_DATABASE_CHANGED @ https://www.24vapestore.de/media/image/7e/ef/91/24Vapestore_Kleinekachel-mevol-xpro_1000x1000.webp:0
[   70690ms] [ERROR] Failed to load resource: net::ERR_CERT_DATABASE_CHANGED @ https://www.24vapestore.de/media/image/74/79/59/24Vapestore_Kleinekachel-elfa_1000x1000.webp:0
[   70690ms] [ERROR] Failed to load resource: net::ERR_CERT_DATABASE_CHANGED @ https://www.24vapestore.de/media/image/a8/a4/f7/24Vapestore_Kleinekachel-elfa0OrR5kstkjpDCK_1000x1000.webp:0
[   70690ms] [ERROR] Failed to load resource: net::ERR_CERT_DATABASE_CHANGED @ https://www.24vapestore.de/media/image/e7/94/db/24Vapestore_bigKachel-Vozol-min_1000x1000.webp:0
[   70690ms] [ERROR] Failed to load resource: net::ERR_CERT_DATABASE_CHANGED @ https://www.24vapestore.de/media/image/b8/9b/46/24Vapestore_bigKachel-bigsale-min_1000x1000.webp:0
[   70690ms] [ERROR] Failed to load resource: net::ERR_CERT_DATABASE_CHANGED @ https://www.24vapestore.de/media/image/71/e4/ac/24Vapestore_Laenglich_Shisha_1000x1000.webp:0
[   70690ms] [ERROR] Failed to load resource: net::ERR_CERT_DATABASE_CHANGED @ https://www.24vapestore.de/media/image/06/b6/80/24Vapestore_Kleinekachel-mevol-c800_1000x1000.webp:0
[   70690ms] [ERROR] Failed to load resource: net::ERR_CERT_DATABASE_CHANGED @ https://www.24vapestore.de/media/image/09/82/97/24Vapestore-vertikalelfx_1000x1000.webp:0
[   70690ms] [ERROR] Failed to load resource: net::ERR_CERT_DATABASE_CHANGED @ https://www.24vapestore.de/media/image/84/10/8b/24Vapestore_Laenglich_Neuheine-2_1000x1000.webp:0
[   70690ms] [ERROR] Failed to load resource: net::ERR_CERT_DATABASE_CHANGED @ https://www.24vapestore.de/media/image/49/67/91/24Vapestore_Kleinekachel-schoki_1000x1000.webp:0
[   70690ms] [ERROR] Failed to load resource: net::ERR_CERT_DATABASE_CHANGED @ https://www.24vapestore.de/media/image/37/43/fe/24Vapestore_Laenglich_MyPaff600_1000x1000.webp:0
[   70690ms] [ERROR] Failed to load resource: net::ERR_CERT_DATABASE_CHANGED @ https://www.24vapestore.de/media/image/dd/2e/d0/amare_liquids_red_1000x1000.webp:0
[   70691ms] [ERROR] Failed to load resource: net::ERR_CERT_DATABASE_CHANGED @ https://www.24vapestore.de/media/image/51/1f/3d/laf-laf-laf_1000x1000.webp:0
[   70691ms] [ERROR] Failed to load resource: net::ERR_CERT_DATABASE_CHANGED @ https://www.24vapestore.de/media/image/3e/f3/4e/24vapestore_lafume_neues_1000x1000.webp:0
[   70691ms] [ERROR] Failed to load resource: net::ERR_CERT_DATABASE_CHANGED @ https://www.24vapestore.de/media/image/9d/1e/78/zubehor_neu_red_1000x1000.webp:0
[   70691ms] [ERROR] Failed to load resource: net::ERR_CERT_DATABASE_CHANGED @ https://www.24vapestore.de/media/image/e8/5e/a8/cristal_plus_red_1000x1000.webp:0
[   70691ms] [ERROR] Failed to load resource: net::ERR_CERT_DATABASE_CHANGED @ https://www.24vapestore.de/media/image/fd/fd/65/cristalbar_600_red_1000x1000.webp:0
[   70691ms] [ERROR] Failed to load resource: net::ERR_CERT_DATABASE_CHANGED @ https://www.24vapestore.de/media/image/61/f5/3b/24Vapestore_bigKachel_1000x1000.webp:0
[   70691ms] [ERROR] Failed to load resource: net::ERR_CERT_DATABASE_CHANGED @ https://www.24vapestore.de/media/image/dc/e4/1c/vozolss-neu-price_redse_1000x1000.webp:0
[   70691ms] [ERROR] Failed to load resource: net::ERR_CERT_DATABASE_CHANGED @ https://www.24vapestore.de/media/image/22/d3/2c/jumexx-silverster_1000x1000.webp:0
[   70691ms] [ERROR] Failed to load resource: net::ERR_CERT_DATABASE_CHANGED @ https://www.24vapestore.de/media/image/1f/51/05/qmsilverstereaas_1000x1000.webp:0
[   70691ms] [ERROR] Failed to load resource: net::ERR_CERT_DATABASE_CHANGED @ https://www.24vapestore.de/media/image/8f/de/2c/pixl-slider-123_1000x1000.webp:0
[   70691ms] [ERROR] Failed to load resource: net::ERR_CERT_DATABASE_CHANGED @ https://www.24vapestore.de/media/image/e6/0c/8e/24Vapestore_Laenglich_mypaffmini_1000x1000.webp:0
[   70691ms] [ERROR] Failed to load resource: net::ERR_CERT_DATABASE_CHANGED @ https://www.24vapestore.de/media/image/f3/92/48/24Vapestore_nk600_kuchelss_1000x1000.webp:0
[   70691ms] [ERROR] Failed to load resource: net::ERR_CERT_DATABASE_CHANGED @ https://www.24vapestore.de/media/image/a1/b5/c0/qm6000-12345_1000x1000.webp:0
[   70691ms] [ERROR] Failed to load resource: net::ERR_CERT_DATABASE_CHANGED @ https://www.24vapestore.de/media/image/fe/ca/b8/voom-como_1000x1000.webp:0
[   70691ms] [ERROR] Failed to load resource: net::ERR_CERT_DATABASE_CHANGED @ https://www.24vapestore.de/media/image/d2/0e/b2/mega_sale_liquids_red_1000x1000.webp:0
[   70691ms] [ERROR] Failed to load resource: net::ERR_CERT_DATABASE_CHANGED @ https://www.24vapestore.de/media/image/26/da/f1/mypaff_pro_mega_Sale_1000x1000.webp:0
[   70691ms] [ERROR] Failed to load resource: net::ERR_CERT_DATABASE_CHANGED @ https://www.24vapestore.de/media/image/5a/8d/95/elux_neu_kuche_red_1000x1000.webp:0
[   70691ms] [ERROR] Failed to load resource: net::ERR_CERT_DATABASE_CHANGED @ https://www.24vapestore.de/media/image/a6/d9/ca/24vapestore_vozol_1000x1000.webp:0
[   70691ms] [ERROR] Failed to load resource: net::ERR_CERT_DATABASE_CHANGED @ https://www.24vapestore.de/media/image/13/0b/5f/voom_kuchel_klein_red_1000x1000.webp:0
[   70691ms] [ERROR] Failed to load resource: net::ERR_CERT_DATABASE_CHANGED @ https://www.24vapestore.de/media/image/40/03/d6/rndom_liquid_red_1000x1000.webp:0
[   70691ms] [ERROR] Failed to load resource: net::ERR_CERT_DATABASE_CHANGED @ https://www.24vapestore.de/media/image/1a/41/76/24Vapestore_Kleinekachel-elfa0_1000x1000.webp:0
[   70691ms] [ERROR] Failed to load resource: net::ERR_CERT_DATABASE_CHANGED @ https://www.24vapestore.de/media/image/55/e2/58/24Vapestore_Kleinekachel-elfa2_1000x1000.webp:0
[   70691ms] [ERROR] Failed to load resource: net::ERR_CERT_DATABASE_CHANGED @ https://www.24vapestore.de/media/image/be/a6/50/lafume_aurora_kuchel_red_1000x1000.webp:0
[   70691ms] [ERROR] Failed to load resource: net::ERR_CERT_DATABASE_CHANGED @ https://www.24vapestore.de/media/image/1f/b5/b6/24Vapestore_Kleinekachel-mypaff600_1000x1000.webp:0
[   70691ms] [ERROR] Failed to load resource: net::ERR_CERT_DATABASE_CHANGED @ https://www.24vapestore.de/media/image/fb/f5/ca/cristal_amare_red_1000x1000.webp:0
[   70692ms] [ERROR] Failed to load resource: net::ERR_CERT_DATABASE_CHANGED @ https://www.24vapestore.de/media/image/aa/a2/38/24Vapestore_Laenglich_jumex_1000x1000.webp:0
[   70692ms] [ERROR] Failed to load resource: net::ERR_CERT_DATABASE_CHANGED @ https://www.24vapestore.de/media/image/ce/9a/e4/24Vapestore_Laenglich_Al-Fakher-600_1000x1000.webp:0
[   70692ms] [ERROR] Failed to load resource: net::ERR_CERT_DATABASE_CHANGED @ https://www.24vapestore.de/media/image/54/de/85/24Vapestore_Laenglich_Schokolade-1_1000x1000.webp:0
[   70692ms] [ERROR] Failed to load resource: net::ERR_CERT_DATABASE_CHANGED @ https://www.24vapestore.de/media/image/69/54/73/24Vapestore_Laenglich_freeze-tappos_1000x1000.webp:0
[   70692ms] [ERROR] Failed to load resource: net::ERR_CERT_DATABASE_CHANGED @ https://www.24vapestore.de/media/image/ee/3c/c3/24Vapestore_Laenglich_mypaff-11_1000x1000.webp:0
[   70692ms] [ERROR] Failed to load resource: net::ERR_CERT_DATABASE_CHANGED @ https://www.24vapestore.de/media/image/61/85/5a/24Vapestore_Kleinekachel_flerbar-1-1_1000x1000.webp:0
[   70692ms] [ERROR] Failed to load resource: net::ERR_CERT_DATABASE_CHANGED @ https://www.24vapestore.de/media/image/93/47/a3/24Vapestore_Kleinekachel_voomRandM-5er_1000x1000.webp:0
[   70692ms] [ERROR] Failed to load resource: net::ERR_CERT_DATABASE_CHANGED @ https://www.24vapestore.de/media/image/26/98/c4/flerbar-1-1-aktion_1000x1000.webp:0
[   70693ms] [ERROR] Failed to load resource: net::ERR_CERT_DATABASE_CHANGED @ https://www.24vapestore.de/media/image/f6/1c/17/24newsletter-cubic_1000x1000.webp:0
[   70693ms] [ERROR] Failed to load resource: net::ERR_CERT_DATABASE_CHANGED @ https://www.24vapestore.de/media/image/36/fc/c6/newsletter3er_1000x1000.webp:0
[   70693ms] [ERROR] Failed to load resource: net::ERR_CERT_DATABASE_CHANGED @ https://www.24vapestore.de/media/image/e8/d5/fe/24vapestore-mobile-randm-5erTiNP2p6XSc4lX_1000x1000.webp:0
[   70693ms] [ERROR] Failed to load resource: net::ERR_CERT_DATABASE_CHANGED @ https://www.24vapestore.de/media/image/07/ee/10/24Vapestore_Kleinekachel-klein-randmjumex_1000x1000.webp:0
[   70693ms] [ERROR] Failed to load resource: net::ERR_CERT_DATABASE_CHANGED @ https://www.24vapestore.de/media/image/0b/84/d7/Elfbar-Lost-Mary-Liquid-NicSalt-Strawberry-Cherry-Raspberry-10ml_200x200.webp:0
[   70693ms] [ERROR] Failed to load resource: net::ERR_CERT_DATABASE_CHANGED @ https://www.24vapestore.de/media/image/b2/65/86/Liquid-Frozen-Berries-Elfliq-by-Elf-Bar_1_200x200.webp:0
[   70694ms] [ERROR] Failed to load resource: net::ERR_CERT_DATABASE_CHANGED @ https://www.24vapestore.de/media/image/36/b6/eb/newsletter-randm-jumex_1000x1000.webp:0
[   70694ms] [ERROR] Failed to load resource: net::ERR_CERT_DATABASE_CHANGED @ https://www.24vapestore.de/media/image/74/bc/e2/alfaker600_1000x1000.webp:0
[   70694ms] [ERROR] Failed to load resource: net::ERR_CERT_DATABASE_CHANGED @ https://www.24vapestore.de/media/image/fb/04/61/24Vapestore_Laenglich_Sale9AzEVdbxfH2bz_1000x1000.webp:0
[   70722ms] [ERROR] Failed to load resource: net::ERR_CERT_DATABASE_CHANGED @ https://www.24vapestore.de/media/image/59/b7/c3/24newsletter-hqd1-1_1000x1000.webp:0
[   70722ms] [ERROR] Failed to load resource: net::ERR_CERT_DATABASE_CHANGED @ https://www.24vapestore.de/media/image/ee/48/8a/24Vapestore-1x1Kachel-Crystal-edge-10kjcTe4PZNBa7dx_1000x1000.webp:0
[   70722ms] [ERROR] Failed to load resource: net::ERR_CERT_DATABASE_CHANGED @ https://www.24vapestore.de/media/image/0d/g0/ef/24newsletter-lafume_1000x1000.webp:0
[   70722ms] [ERROR] Failed to load resource: net::ERR_CERT_DATABASE_CHANGED @ https://www.24vapestore.de/media/image/46/fb/0a/newsletter-mypaff_1000x1000.webp:0
[   70722ms] [ERROR] Failed to load resource: net::ERR_CERT_DATABASE_CHANGED @ https://www.24vapestore.de/media/image/89/c9/d6/24newsletter-flerbar5nnY1MsEnvT2G_1000x1000.webp:0
[   70722ms] [ERROR] Failed to load resource: net::ERR_CERT_DATABASE_CHANGED @ https://www.24vapestore.de/media/image/a7/25/38/24newsletter-vozol_1000x1000.webp:0
[   70722ms] [ERROR] Failed to load resource: net::ERR_CERT_DATABASE_CHANGED @ https://www.24vapestore.de/media/image/05/6c/17/24newsletter-hqd1-13IB7KjpK1p3IP_1000x1000.webp:0
[   70722ms] [ERROR] Failed to load resource: net::ERR_CERT_DATABASE_CHANGED @ https://www.24vapestore.de/media/image/2e/cf/68/24Vapestore_Kleinekachel-mypaff-vozol_1000x1000.webp:0
[   70722ms] [ERROR] Failed to load resource: net::ERR_CERT_DATABASE_CHANGED @ https://www.24vapestore.de/media/image/92/06/73/Elfbar-Lost-Mary-Liquid-NicSalt-Cherry-Ice-10ml_200x200.webp:0
[   70722ms] [ERROR] Failed to load resource: net::ERR_CERT_DATABASE_CHANGED @ https://www.24vapestore.de/media/image/07/bb/e0/Liquid-Blackberry-Ice-Elfliq-by-Elf-Bar_2_200x200.webp:0
[   70722ms] [ERROR] Failed to load resource: net::ERR_CERT_DATABASE_CHANGED @ https://www.24vapestore.de/media/image/a4/5c/00/24newsletter-Hypermax_1000x1000.webp:0
[   70722ms] [ERROR] Failed to load resource: net::ERR_CERT_DATABASE_CHANGED @ https://www.24vapestore.de/media/image/44/7d/3e/vozol-liquids-1_1000x1000.webp:0
[   70722ms] [ERROR] Failed to load resource: net::ERR_CERT_DATABASE_CHANGED @ https://www.24vapestore.de/media/image/9b/61/7c/Elfbar-Lost-Mary-Liquid-NicSalt-Banana-Ice-10ml_200x200.webp:0
[   70722ms] [ERROR] Failed to load resource: net::ERR_CERT_DATABASE_CHANGED @ https://www.24vapestore.de/media/image/ca/22/b3/Liquid-Tropical-Fruits-Elfliq-by-Elf-Bar_2_200x200.webp:0
[   70722ms] [ERROR] Failed to load resource: net::ERR_CERT_DATABASE_CHANGED @ https://www.24vapestore.de/media/image/3b/bb/64/2-1aktions-1_1000x1000.webp:0
[   75083ms] [ERROR] Failed to load resource: the server responded with a status of 404 () @ https://www.24vapestore.de/media/image/37/7c/c1/24Vapestore_Kleinekachel-elfliq_1000x1000.webp:0
[  108461ms] [LOG] OnCmsCrossSellingAction: no product box found @ https://www.24vapestore.de/custom/plugins/DIScoGA4S5/Resources/js/ga4/actions/on-cms-cross-selling.action.js:37
[  108463ms] [LOG] OnCmsCrossSellingAction: no product box found @ https://www.24vapestore.de/custom/plugins/DIScoGA4S5/Resources/js/ga4/actions/on-cms-cross-selling.action.js:37
[  108464ms] [LOG] OnCmsCrossSellingAction: no product box found @ https://www.24vapestore.de/custom/plugins/DIScoGA4S5/Resources/js/ga4/actions/on-cms-cross-selling.action.js:37
[  108469ms] [LOG] OnCmsCrossSellingAction: no product box found @ https://www.24vapestore.de/custom/plugins/DIScoGA4S5/Resources/js/ga4/actions/on-cms-cross-selling.action.js:37
